[    0.000000] Initializing cgroup subsys cpuset
[    0.000000] Initializing cgroup subsys cpu
[    0.000000] Initializing cgroup subsys cpuacct
[    0.000000] Linux version 4.4.0-210-generic (buildd@lgw01-amd64-009) (gcc version 5.4.0 20160609 (Ubuntu 5.4.0-6ubuntu1~16.04.12) ) #242-Ubuntu SMP Fri Apr 16 09:57:56 UTC 2021 (Ubuntu 4.4.0-210.242-generic 4.4.262)
[    0.000000] Command line: BOOT_IMAGE=/boot/vmlinuz-4.4.0-210-generic root=LABEL=cloudimg-rootfs ro console=tty1 console=ttyS0
[    0.000000] KERNEL supported cpus:
[    0.000000]   Intel GenuineIntel
[    0.000000]   AMD AuthenticAMD
[    0.000000]   Centaur CentaurHauls
[    0.000000] [Firmware Bug]: TSC doesn't count with P0 frequency!
[    0.000000] x86/fpu: xstate_offset[2]:  576, xstate_sizes[2]:  256
[    0.000000] x86/fpu: Supporting XSAVE feature 0x01: 'x87 floating point registers'
[    0.000000] x86/fpu: Supporting XSAVE feature 0x02: 'SSE registers'
[    0.000000] x86/fpu: Supporting XSAVE feature 0x04: 'AVX registers'
[    0.000000] x86/fpu: Enabled xstate features 0x7, context size is 832 bytes, using 'standard' format.
[    0.000000] e820: BIOS-provided physical RAM map:
[    0.000000] BIOS-e820: [mem 0x0000000000000000-0x000000000009fbff] usable
[    0.000000] BIOS-e820: [mem 0x000000000009fc00-0x000000000009ffff] reserved
[    0.000000] BIOS-e820: [mem 0x00000000000f0000-0x00000000000fffff] reserved
[    0.000000] BIOS-e820: [mem 0x0000000000100000-0x000000003ffeffff] usable
[    0.000000] BIOS-e820: [mem 0x000000003fff0000-0x000000003fffffff] ACPI data
[    0.000000] BIOS-e820: [mem 0x00000000fec00000-0x00000000fec00fff] reserved
[    0.000000] BIOS-e820: [mem 0x00000000fee00000-0x00000000fee00fff] reserved
[    0.000000] BIOS-e820: [mem 0x00000000fffc0000-0x00000000ffffffff] reserved
[    0.000000] NX (Execute Disable) protection: active
[    0.000000] SMBIOS 2.5 present.
[    0.000000] Hypervisor detected: KVM
[    0.000000] Kernel/User page tables isolation: disabled
[    0.000000] AGP: No AGP bridge found
[    0.000000] e820: last_pfn = 0x3fff0 max_arch_pfn = 0x400000000
[    0.000000] MTRR: Disabled
[    0.000000] x86/PAT: MTRRs disabled, skipping PAT initialization too.
[    0.000000] CPU MTRRs all blank - virtualized system.
[    0.000000] x86/PAT: Configuration [0-7]: WB  WT  UC- UC  WB  WT  UC- UC  
[    0.000000] found SMP MP-table at [mem 0x0009fff0-0x0009ffff] mapped at [ffff88000009fff0]
[    0.000000] Scanning 1 areas for low memory corruption
[    0.000000] RAMDISK: [mem 0x362dc000-0x37165fff]
[    0.000000] ACPI: Early table checksum verification disabled
[    0.000000] ACPI: RSDP 0x00000000000E0000 000024 (v02 VBOX  )
[    0.000000] ACPI: XSDT 0x000000003FFF0030 00003C (v01 VBOX   VBOXXSDT 00000001 ASL  00000061)
[    0.000000] ACPI: FACP 0x000000003FFF00F0 0000F4 (v04 VBOX   VBOXFACP 00000001 ASL  00000061)
[    0.000000] ACPI: DSDT 0x000000003FFF0470 002325 (v02 VBOX   VBOXBIOS 00000002 INTL 20100528)
[    0.000000] ACPI: FACS 0x000000003FFF0200 000040
[    0.000000] ACPI: FACS 0x000000003FFF0200 000040
[    0.000000] ACPI: APIC 0x000000003FFF0240 00005C (v02 VBOX   VBOXAPIC 00000001 ASL  00000061)
[    0.000000] ACPI: SSDT 0x000000003FFF02A0 0001CC (v01 VBOX   VBOXCPUT 00000002 INTL 20100528)
[    0.000000] No NUMA configuration found
[    0.000000] Faking a node at [mem 0x0000000000000000-0x000000003ffeffff]
[    0.000000] NODE_DATA(0) allocated [mem 0x3ffeb000-0x3ffeffff]
[    0.000000] kvm-clock: Using msrs 4b564d01 and 4b564d00
[    0.000000] kvm-clock: cpu 0, msr 0:3ffe3001, primary cpu clock
[    0.000000] kvm-clock: using sched offset of 3738053006 cycles
[    0.000000] clocksource: kvm-clock: mask: 0xffffffffffffffff max_cycles: 0x1cd42e4dffb, max_idle_ns: 881590591483 ns
[    0.000000] Zone ranges:
[    0.000000]   DMA      [mem 0x0000000000001000-0x0000000000ffffff]
[    0.000000]   DMA32    [mem 0x0000000001000000-0x000000003ffeffff]
[    0.000000]   Normal   empty
[    0.000000]   Device   empty
[    0.000000] Movable zone start for each node
[    0.000000] Early memory node ranges
[    0.000000]   node   0: [mem 0x0000000000001000-0x000000000009efff]
[    0.000000]   node   0: [mem 0x0000000000100000-0x000000003ffeffff]
[    0.000000] Initmem setup node 0 [mem 0x0000000000001000-0x000000003ffeffff]
[    0.000000] ACPI: PM-Timer IO Port: 0x4008
[    0.000000] IOAPIC[0]: apic_id 2, version 32, address 0xfec00000, GSI 0-23
[    0.000000] ACPI: INT_SRC_OVR (bus 0 bus_irq 0 global_irq 2 dfl dfl)
[    0.000000] ACPI: INT_SRC_OVR (bus 0 bus_irq 9 global_irq 9 low level)
[    0.000000] Using ACPI (MADT) for SMP configuration information
[    0.000000] smpboot: Allowing 2 CPUs, 0 hotplug CPUs
[    0.000000] PM: Registered nosave memory: [mem 0x00000000-0x00000fff]
[    0.000000] PM: Registered nosave memory: [mem 0x0009f000-0x0009ffff]
[    0.000000] PM: Registered nosave memory: [mem 0x000a0000-0x000effff]
[    0.000000] PM: Registered nosave memory: [mem 0x000f0000-0x000fffff]
[    0.000000] e820: [mem 0x40000000-0xfebfffff] available for PCI devices
[    0.000000] Booting paravirtualized kernel on KVM
[    0.000000] clocksource: refined-jiffies: mask: 0xffffffff max_cycles: 0xffffffff, max_idle_ns: 7645519600211568 ns
[    0.000000] setup_percpu: NR_CPUS:512 nr_cpumask_bits:512 nr_cpu_ids:2 nr_node_ids:1
[    0.000000] PERCPU: Embedded 33 pages/cpu @ffff88003fc00000 s95192 r8192 d31784 u1048576
[    0.000000] Built 1 zonelists in Node order, mobility grouping on.  Total pages: 257912
[    0.000000] Policy zone: DMA32
[    0.000000] Kernel command line: BOOT_IMAGE=/boot/vmlinuz-4.4.0-210-generic root=LABEL=cloudimg-rootfs ro console=tty1 console=ttyS0
[    0.000000] PID hash table entries: 4096 (order: 3, 32768 bytes)
[    0.000000] AGP: Checking aperture...
[    0.000000] AGP: No AGP bridge found
[    0.000000] Memory: 997792K/1048120K available (8644K kernel code, 1332K rwdata, 4044K rodata, 1492K init, 1164K bss, 50328K reserved, 0K cma-reserved)
[    0.000000] SLUB: HWalign=64, Order=0-3, MinObjects=0, CPUs=2, Nodes=1
[    0.000000] Hierarchical RCU implementation.
[    0.000000] 	Build-time adjustment of leaf fanout to 64.
[    0.000000] 	RCU restricting CPUs from NR_CPUS=512 to nr_cpu_ids=2.
[    0.000000] RCU: Adjusting geometry for rcu_fanout_leaf=64, nr_cpu_ids=2
[    0.000000] NR_IRQS:33024 nr_irqs:440 16
[    0.000000] Console: colour VGA+ 80x25
[    0.000000] console [tty1] enabled
[    0.000000] console [ttyS0] enabled
[    0.000000] tsc: Detected 4013.524 MHz processor
[    0.251492] Calibrating delay loop (skipped) preset value.. 8027.04 BogoMIPS (lpj=16054096)
[    0.254146] pid_max: default: 32768 minimum: 301
[    0.255519] ACPI: Core revision 20150930
[    0.257780] ACPI: 2 ACPI AML tables successfully acquired and loaded
[    0.259955] Security Framework initialized
[    0.261217] Yama: becoming mindful.
[    0.262240] AppArmor: AppArmor initialized
[    0.263534] Dentry cache hash table entries: 131072 (order: 8, 1048576 bytes)
[    0.265625] Inode-cache hash table entries: 65536 (order: 7, 524288 bytes)
[    0.269406] Mount-cache hash table entries: 2048 (order: 2, 16384 bytes)
[    0.271596] Mountpoint-cache hash table entries: 2048 (order: 2, 16384 bytes)
[    0.273899] Initializing cgroup subsys io
[    0.275265] Initializing cgroup subsys memory
[    0.276479] Initializing cgroup subsys devices
[    0.277770] Initializing cgroup subsys freezer
[    0.279124] Initializing cgroup subsys net_cls
[    0.280341] Initializing cgroup subsys perf_event
[    0.282120] Initializing cgroup subsys net_prio
[    0.283441] Initializing cgroup subsys hugetlb
[    0.284780] Initializing cgroup subsys pids
[    0.286080] mce: CPU supports 0 MCE banks
[    0.287357] Last level iTLB entries: 4KB 512, 2MB 1024, 4MB 512
[    0.289041] Last level dTLB entries: 4KB 1024, 2MB 1024, 4MB 512, 1GB 0
[    0.291551] Spectre V1 : Mitigation: usercopy/swapgs barriers and __user pointer sanitization
[    0.294261] Spectre V2 : Spectre mitigation: LFENCE not serializing, switching to generic retpoline
[    0.296837] Spectre V2 : Mitigation: Full generic retpoline
[    0.298684] Spectre V2 : Spectre v2 / SpectreRSB mitigation: Filling RSB on context switch
[    0.301736] Speculative Store Bypass: Mitigation: Speculative Store Bypass disabled via prctl and seccomp
[    0.307650] Freeing SMP alternatives memory: 36K
[    0.315524] ftrace: allocating 32380 entries in 127 pages
[    0.378128] smpboot: APIC(0) Converting physical 0 to logical package 0
[    0.380222] smpboot: Max logical packages: 1
[    0.381881] x2apic enabled
[    0.383106] Switched APIC routing to physical x2apic.
[    0.385948] ..TIMER: vector=0x30 apic1=0 pin1=2 apic2=-1 pin2=-1
[    0.495893] smpboot: CPU0: AMD FX(tm)-8350 Eight-Core Processor (family: 0x15, model: 0x2, stepping: 0x0)
[    0.498964] Performance Events: Broken PMU hardware detected, using software events only.
[    0.501323] Failed to access perfctr msr (MSR c0010007 is 0)
[    0.513514] KVM setup paravirtual spinlock
[    0.515653] x86: Booting SMP configuration:
[    0.516782] .... node  #0, CPUs:      #1
[    0.517981] kvm-clock: cpu 1, msr 0:3ffe3041, secondary cpu clock
[    0.520586] mce: CPU supports 0 MCE banks
[    0.524381] x86: Booted up 1 node, 2 CPUs
[    0.525738] smpboot: Total of 2 processors activated (16054.09 BogoMIPS)
[    0.527954] devtmpfs: initialized
[    0.531370] evm: security.selinux
[    0.532345] evm: security.SMACK64
[    0.533670] evm: security.SMACK64EXEC
[    0.534705] evm: security.SMACK64TRANSMUTE
[    0.536150] evm: security.SMACK64MMAP
[    0.537335] evm: security.ima
[    0.538244] evm: security.capability
[    0.541296] clocksource: jiffies: mask: 0xffffffff max_cycles: 0xffffffff, max_idle_ns: 7645041785100000 ns
[    0.543795] futex hash table entries: 512 (order: 3, 32768 bytes)
[    0.545457] pinctrl core: initialized pinctrl subsystem
[    0.546933] RTC time: 16:40:36, date: 05/27/22
[    0.548384] NET: Registered protocol family 16
[    0.565412] cpuidle: using governor ladder
[    0.580976] cpuidle: using governor menu
[    0.582838] PCCT header not found.
[    0.584533] ACPI: bus type PCI registered
[    0.585884] acpiphp: ACPI Hot Plug PCI Controller Driver version: 0.5
[    0.587993] PCI: Using configuration type 1 for base access
[    0.590190] PCI: Using configuration type 1 for extended access
[    0.606977] ACPI: Added _OSI(Module Device)
[    0.608164] ACPI: Added _OSI(Processor Device)
[    0.609583] ACPI: Added _OSI(3.0 _SCP Extensions)
[    0.610904] ACPI: Added _OSI(Processor Aggregator Device)
[    0.613004] ACPI: Executed 1 blocks of module-level executable AML code
[    0.616835] ACPI: Interpreter enabled
[    0.617909] ACPI: (supports S0 S5)
[    0.618941] ACPI: Using IOAPIC for interrupt routing
[    0.620359] PCI: Using host bridge windows from ACPI; if necessary, use "pci=nocrs" and report a bug
[    0.626808] ACPI: PCI Root Bridge [PCI0] (domain 0000 [bus 00-ff])
[    0.628438] acpi PNP0A03:00: _OSC: OS supports [ExtendedConfig ASPM ClockPM Segments MSI]
[    0.631824] acpi PNP0A03:00: _OSC: platform does not support [PCIeCapability]
[    0.634013] acpi PNP0A03:00: _OSC: not requesting control; platform does not support [PCIeCapability]
[    0.636611] acpi PNP0A03:00: _OSC: OS requested [PCIeHotplug PME AER PCIeCapability]
[    0.638747] acpi PNP0A03:00: _OSC: platform willing to grant [PCIeHotplug PME AER]
[    0.652919] acpi PNP0A03:00: _OSC failed (AE_SUPPORT); disabling ASPM
[    0.654849] PCI host bridge to bus 0000:00
[    0.655943] pci_bus 0000:00: root bus resource [io  0x0000-0x0cf7 window]
[    0.657748] pci_bus 0000:00: root bus resource [io  0x0d00-0xffff window]
[    0.659557] pci_bus 0000:00: root bus resource [mem 0x000a0000-0x000bffff window]
[    0.661715] pci_bus 0000:00: root bus resource [mem 0x40000000-0xfdffffff window]
[    0.663836] pci_bus 0000:00: root bus resource [bus 00-ff]
[    0.667306] pci 0000:00:01.1: legacy IDE quirk: reg 0x10: [io  0x01f0-0x01f7]
[    0.669305] pci 0000:00:01.1: legacy IDE quirk: reg 0x14: [io  0x03f6]
[    0.670902] pci 0000:00:01.1: legacy IDE quirk: reg 0x18: [io  0x0170-0x0177]
[    0.672643] pci 0000:00:01.1: legacy IDE quirk: reg 0x1c: [io  0x0376]
[    0.693370] pci 0000:00:07.0: quirk: [io  0x4000-0x403f] claimed by PIIX4 ACPI
[    0.695428] pci 0000:00:07.0: quirk: [io  0x4100-0x410f] claimed by PIIX4 SMB
[    0.703676] ACPI: PCI Interrupt Link [LNKA] (IRQs 5 9 10 *11)
[    0.706024] ACPI: PCI Interrupt Link [LNKB] (IRQs 5 9 *10 11)
[    0.708041] ACPI: PCI Interrupt Link [LNKC] (IRQs 5 *9 10 11)
[    0.710289] ACPI: PCI Interrupt Link [LNKD] (IRQs 5 9 10 *11)
[    0.712408] ACPI: Enabled 2 GPEs in block 00 to 07
[    0.714141] vgaarb: setting as boot device: PCI:0000:00:02.0
[    0.715562] vgaarb: device added: PCI:0000:00:02.0,decodes=io+mem,owns=io+mem,locks=none
[    0.717836] vgaarb: loaded
[    0.718778] vgaarb: bridge control possible 0000:00:02.0
[    0.720456] SCSI subsystem initialized
[    0.721789] ACPI: bus type USB registered
[    0.722920] usbcore: registered new interface driver usbfs
[    0.724379] usbcore: registered new interface driver hub
[    0.726087] usbcore: registered new device driver usb
[    0.728011] PCI: Using ACPI for IRQ routing
[    0.729979] NetLabel: Initializing
[    0.731123] NetLabel:  domain hash size = 128
[    0.732500] NetLabel:  protocols = UNLABELED CIPSOv4
[    0.734036] NetLabel:  unlabeled traffic allowed by default
[    0.736292] amd_nb: Cannot enumerate AMD northbridges
[    0.738073] clocksource: Switched to clocksource kvm-clock
[    0.752357] AppArmor: AppArmor Filesystem Enabled
[    0.754085] pnp: PnP ACPI init
[    0.756361] pnp: PnP ACPI: found 3 devices
[    0.769170] clocksource: acpi_pm: mask: 0xffffff max_cycles: 0xffffff, max_idle_ns: 2085701024 ns
[    0.772030] NET: Registered protocol family 2
[    0.773489] TCP established hash table entries: 8192 (order: 4, 65536 bytes)
[    0.775360] TCP bind hash table entries: 8192 (order: 5, 131072 bytes)
[    0.777155] TCP: Hash tables configured (established 8192 bind 8192)
[    0.780697] UDP hash table entries: 512 (order: 2, 16384 bytes)
[    0.782308] UDP-Lite hash table entries: 512 (order: 2, 16384 bytes)
[    0.784029] NET: Registered protocol family 1
[    0.785218] pci 0000:00:00.0: Limiting direct PCI/PCI transfers
[    0.786846] pci 0000:00:01.0: Activating ISA DMA hang workarounds
[    0.788688] Unpacking initramfs...
[    1.036161] Freeing initrd memory: 14888K
[    1.037679] clocksource: tsc: mask: 0xffffffffffffffff max_cycles: 0x39da4464f8f, max_idle_ns: 440795375046 ns
[    1.040610] platform rtc_cmos: registered platform RTC device (no PNP device found)
[    1.042985] Scanning for low memory corruption every 60 seconds
[    1.045145] audit: initializing netlink subsys (disabled)
[    1.046641] audit: type=2000 audit(1653669641.743:1): initialized
[    1.048604] Initialise system trusted keyring
[    1.050238] HugeTLB registered 2 MB page size, pre-allocated 0 pages
[    1.053731] zbud: loaded
[    1.054944] VFS: Disk quotas dquot_6.6.0
[    1.056240] VFS: Dquot-cache hash table entries: 512 (order 0, 4096 bytes)
[    1.058536] squashfs: version 4.0 (2009/01/31) Phillip Lougher
[    1.060503] fuse init (API version 7.23)
[    1.063573] Key type big_key registered
[    1.064736] Allocating IMA MOK and blacklist keyrings.
[    1.067821] Key type asymmetric registered
[    1.069135] Asymmetric key parser 'x509' registered
[    1.070452] Block layer SCSI generic (bsg) driver version 0.4 loaded (major 249)
[    1.072706] io scheduler noop registered
[    1.073767] io scheduler deadline registered (default)
[    1.075200] io scheduler cfq registered
[    1.076369] pci_hotplug: PCI Hot Plug PCI Core version: 0.5
[    1.077822] pciehp: PCI Express Hot Plug Controller Driver version: 0.4
[    1.079815] ACPI: AC Adapter [AC] (on-line)
[    1.081105] input: Power Button as /devices/LNXSYSTM:00/LNXPWRBN:00/input/input0
[    1.083295] ACPI: Power Button [PWRF]
[    1.084370] input: Sleep Button as /devices/LNXSYSTM:00/LNXSLPBN:00/input/input1
[    1.086408] ACPI: Sleep Button [SLPF]
[    1.087851] GHES: HEST is not enabled!
[    1.089193] Serial: 8250/16550 driver, 32 ports, IRQ sharing enabled
[    1.111667] 00:02: ttyS0 at I/O 0x3f8 (irq = 4, base_baud = 115200) is a 16550A
[    1.116736] Linux agpgart interface v0.103
[    1.120367] loop: module loaded
[    1.122361] scsi host0: ata_piix
[    1.123490] scsi host1: ata_piix
[    1.124501] ata1: PATA max UDMA/33 cmd 0x1f0 ctl 0x3f6 bmdma 0xd000 irq 14
[    1.126228] ata2: PATA max UDMA/33 cmd 0x170 ctl 0x376 bmdma 0xd008 irq 15
[    1.128457] libphy: Fixed MDIO Bus: probed
[    1.129948] tun: Universal TUN/TAP device driver, 1.6
[    1.131314] tun: (C) 1999-2004 Max Krasnyansky <maxk@qualcomm.com>
[    1.133025] PPP generic driver version 2.4.2
[    1.134350] ehci_hcd: USB 2.0 'Enhanced' Host Controller (EHCI) Driver
[    1.136203] ehci-pci: EHCI PCI platform driver
[    1.137597] ehci-platform: EHCI generic platform driver
[    1.139402] ohci_hcd: USB 1.1 'Open' Host Controller (OHCI) Driver
[    1.140975] ohci-pci: OHCI PCI platform driver
[    1.142152] ohci-platform: OHCI generic platform driver
[    1.143527] uhci_hcd: USB Universal Host Controller Interface driver
[    1.145080] i8042: PNP: PS/2 Controller [PNP0303:PS2K,PNP0f03:PS2M] at 0x60,0x64 irq 1,12
[    1.147761] serio: i8042 KBD port at 0x60,0x64 irq 1
[    1.149181] serio: i8042 AUX port at 0x60,0x64 irq 12
[    1.150806] mousedev: PS/2 mouse device common for all mice
[    1.152797] input: AT Translated Set 2 keyboard as /devices/platform/i8042/serio0/input/input2
[    1.155818] rtc_cmos rtc_cmos: rtc core: registered rtc_cmos as rtc0
[    1.157551] rtc_cmos rtc_cmos: alarms up to one day, 114 bytes nvram
[    1.159185] i2c /dev entries driver
[    1.160298] device-mapper: uevent: version 1.0.3
[    1.161873] device-mapper: ioctl: 4.34.0-ioctl (2015-10-28) initialised: dm-devel@redhat.com
[    1.164277] ledtrig-cpu: registered to indicate activity on CPUs
[    1.166225] x86/pm: family 0x15 cpu detected, MSR saving is needed during suspending.
[    1.168572] NET: Registered protocol family 10
[    1.170313] NET: Registered protocol family 17
[    1.171567] Key type dns_resolver registered
[    1.173258] registered taskstats version 1
[    1.174428] Loading compiled-in X.509 certificates
[    1.176361] Loaded X.509 cert 'Build time autogenerated kernel key: cf00e047681d67edb2720680708b7d9498083038'
[    1.178969] zswap: loaded using pool lzo/zbud
[    1.182290] Key type trusted registered
[    1.187262] Key type encrypted registered
[    1.188417] AppArmor: AppArmor sha1 policy hashing enabled
[    1.190097] ima: No TPM chip found, activating TPM-bypass!
[    1.191587] ima: Allocated hash algorithm: sha1
[    1.192767] evm: HMAC attrs: 0x1
[    1.194283]   Magic number: 6:852:692
[    1.195455] rtc_cmos rtc_cmos: setting system clock to 2022-05-27 16:40:36 UTC (1653669636)
[    1.197926] BIOS EDD facility v0.16 2004-Jun-25, 0 devices found
[    1.199674] EDD information not available.
[    1.957583] Freeing unused kernel memory: 1492K
[    1.959122] Write protecting the kernel read-only data: 14336k
[    1.961524] Freeing unused kernel memory: 1584K
[    1.963087] Freeing unused kernel memory: 52K
Loading, please wait...
starting version 229
[    1.979469] random: systemd-udevd: uninitialized urandom read (16 bytes read, 2 bits of entropy available)
[    1.980193] random: udevadm: uninitialized urandom read (16 bytes read, 2 bits of entropy available)
[    1.980212] random: udevadm: uninitialized urandom read (16 bytes read, 2 bits of entropy available)
[    1.987163] random: systemd-udevd: uninitialized urandom read (16 bytes read, 2 bits of entropy available)
[    1.990090] random: systemd-udevd: uninitialized urandom read (16 bytes read, 2 bits of entropy available)
[    1.991360] random: udevadm: uninitialized urandom read (16 bytes read, 2 bits of entropy available)
[    1.991405] random: udevadm: uninitialized urandom read (16 bytes read, 2 bits of entropy available)
[    1.991550] random: udevadm: uninitialized urandom read (16 bytes read, 2 bits of entropy available)
[    1.991603] random: udevadm: uninitialized urandom read (16 bytes read, 2 bits of entropy available)
[    1.991659] random: udevadm: uninitialized urandom read (16 bytes read, 2 bits of entropy available)
[    2.038465] Fusion MPT base driver 3.04.20
[    2.039752] Copyright (c) 1999-2008 LSI Corporation
[    2.041303] e1000: Intel(R) PRO/1000 Network Driver - version 7.3.21-k8-NAPI
[    2.043289] e1000: Copyright (c) 1999-2006 Intel Corporation.
[    2.053572] Fusion MPT SPI Host driver 3.04.20
[    2.075186] AVX version of gcm_enc/dec engaged.
[    2.076826] AES CTR mode by8 optimization enabled
[    2.252245] input: ImExPS/2 Generic Explorer Mouse as /devices/platform/i8042/serio1/input/input4
[    2.424943] e1000 0000:00:03.0 eth0: (PCI:33MHz:32-bit) 02:be:82:6b:cc:1d
[    2.427132] e1000 0000:00:03.0 eth0: Intel(R) PRO/1000 Network Connection
[    2.431068] mptbase: ioc0: Initiating bringup
[    2.431376] e1000 0000:00:03.0 enp0s3: renamed from eth0
[    2.498816] ioc0: LSI53C1030 A0: Capabilities={Initiator}
[    2.675161] scsi host2: ioc0: LSI53C1030 A0, FwRev=00000000h, Ports=1, MaxQ=256, IRQ=20
[    2.795307] scsi 2:0:0:0: Direct-Access     VBOX     HARDDISK         1.0  PQ: 0 ANSI: 5
[    2.802934] scsi target2:0:0: Beginning Domain Validation
[    2.811999] scsi target2:0:0: Domain Validation skipping write tests
[    2.817801] scsi target2:0:0: Ending Domain Validation
[    2.822535] scsi target2:0:0: asynchronous
[    2.827388] scsi 2:0:1:0: Direct-Access     VBOX     HARDDISK         1.0  PQ: 0 ANSI: 5
[    2.833928] scsi target2:0:1: Beginning Domain Validation
[    2.837359] scsi target2:0:1: Domain Validation skipping write tests
[    2.839750] scsi target2:0:1: Ending Domain Validation
[    2.842306] scsi target2:0:1: asynchronous
[    2.855135] sd 2:0:0:0: [sda] 83886080 512-byte logical blocks: (42.9 GB/40.0 GiB)
[    2.855189] sd 2:0:0:0: Attached scsi generic sg0 type 0
[    2.855468] sd 2:0:1:0: Attached scsi generic sg1 type 0
[    2.855838] sd 2:0:1:0: [sdb] 20480 512-byte logical blocks: (10.5 MB/10.0 MiB)
[    2.856051] sd 2:0:1:0: [sdb] Write Protect is off
[    2.856188] sd 2:0:1:0: [sdb] Incomplete mode parameter data
[    2.856190] sd 2:0:1:0: [sdb] Assuming drive cache: write through
[    2.860014] sd 2:0:1:0: [sdb] Attached SCSI disk
[    2.872370] sd 2:0:0:0: [sda] Write Protect is off
[    2.873957] sd 2:0:0:0: [sda] Incomplete mode parameter data
[    2.875449] sd 2:0:0:0: [sda] Assuming drive cache: write through
[    2.878605]  sda: sda1
[    2.880234] sd 2:0:0:0: [sda] Attached SCSI disk
Begin: Loading essential drivers ... [    4.386462] md: linear personality registered for level -1
[    4.390371] md: multipath personality registered for level -4
[    4.394269] md: raid0 personality registered for level 0
[    4.399290] md: raid1 personality registered for level 1
[    4.470203] raid6: sse2x1   gen()  6889 MB/s
[    4.539458] raid6: sse2x1   xor()  5176 MB/s
[    4.606104] raid6: sse2x2   gen() 10312 MB/s
[    4.674215] raid6: sse2x2   xor()  7419 MB/s
[    4.742647] raid6: sse2x4   gen() 12740 MB/s
[    4.810087] raid6: sse2x4   xor()  6086 MB/s
[    4.811374] raid6: using algorithm sse2x4 gen() 12740 MB/s
[    4.812793] raid6: .... xor() 6086 MB/s, rmw enabled
[    4.814388] raid6: using ssse3x2 recovery algorithm
[    4.817130] xor: automatically using best checksumming function:
[    4.858788]    avx       :  5619.000 MB/sec
[    4.861105] async_tx: api initialized (async)
[    4.873018] md: raid6 personality registered for level 6
[    4.874735] md: raid5 personality registered for level 5
[    4.876154] md: raid4 personality registered for level 4
[    4.884345] md: raid10 personality registered for level 10
done.
Begin: Running /scripts/init-premount ... done.
Begin: Mounting root file system ... Begin: Running /scripts/local-top ... done.
Begin: Running /scripts/local-premount ... [    4.921219] Btrfs loaded
Scanning for Btrfs filesystems
done.
Warning: fsck not present, so skipping root file system
[    4.980537] EXT4-fs (sda1): mounted filesystem with ordered data mode. Opts: (null)
done.
Begin: Running /scripts/local-bottom ... done.
Begin: Running /scripts/init-bottom ... done.
[    5.432810] systemd[1]: systemd 229 running in system mode. (+PAM +AUDIT +SELINUX +IMA +APPARMOR +SMACK +SYSVINIT +UTMP +LIBCRYPTSETUP +GCRYPT +GNUTLS +ACL +XZ -LZ4 +SECCOMP +BLKID +ELFUTILS +KMOD -IDN)
[    5.439529] systemd[1]: Detected virtualization oracle.
[    5.441558] systemd[1]: Detected architecture x86-64.

Welcome to [1mUbuntu 16.04.7 LTS[0m!

[    5.685184] systemd[1]: Set hostname to <ubuntu>.
[    5.699390] systemd[1]: Initializing machine ID from random generator.
[    5.705252] systemd[1]: Installed transient /etc/machine-id file.
[    6.129290] random: nonblocking pool is initialized
[    6.162247] systemd[1]: Listening on fsck to fsckd communication Socket.
[[0;32m  OK  [0m] Listening on fsck to fsckd communication Socket.
[    6.165607] systemd[1]: Listening on udev Kernel Socket.
[[0;32m  OK  [0m] Listening on udev Kernel Socket.
[    6.168230] systemd[1]: Listening on LVM2 poll daemon socket.
[[0;32m  OK  [0m] Listening on LVM2 poll daemon socket.
[    6.171459] systemd[1]: Created slice User and Session Slice.
[[0;32m  OK  [0m] Created slice User and Session Slice.
[    6.174304] systemd[1]: Set up automount Arbitrary Executable File Formats File System Automount Point.
[[0;32m  OK  [0m] Set up automount Arbitrary Executab...ats File System Automount Point.
[    6.178378] systemd[1]: Listening on Journal Audit Socket.
[[0;32m  OK  [0m] Listening on Journal Audit Socket.
[    6.181393] systemd[1]: Created slice System Slice.
[[0;32m  OK  [0m] Created slice System Slice.
[    6.184010] systemd[1]: Listening on /dev/initctl Compatibility Named Pipe.
[[0;32m  OK  [0m] Listening on /dev/initctl Compatibility Named Pipe.
[    6.187400] systemd[1]: Listening on Syslog Socket.
[[0;32m  OK  [0m] Listening on Syslog Socket.
[    6.189917] systemd[1]: Listening on udev Control Socket.
[[0;32m  OK  [0m] Listening on udev Control Socket.
[    6.192802] systemd[1]: Listening on Journal Socket.
[[0;32m  OK  [0m] Listening on Journal Socket.
[    6.210990] systemd[1]: Mounting POSIX Message Queue File System...
         Mounting POSIX Message Queue File System...
[    6.215045] systemd[1]: Starting File System Check on Root Device...
         Starting File System Check on Root Device...
[    6.219288] systemd[1]: Starting Nameserver information manager...
         Starting Nameserver information manager...
[    6.223702] systemd[1]: Mounting Debug File System...
         Mounting Debug File System...
[    6.231699] systemd[1]: Starting Load Kernel Modules...
         Starting Load Kernel Modules...
[    6.235246] systemd[1]: Starting Uncomplicated firewall...
         Starting Uncomplicated firewall...
[    6.242709] systemd[1]: Started Forward Password Requests to Wall Directory Watch.
[[0;32m  OK  [0m] Started Forward Password Requests to Wall Directory Watch.
[    6.246815] systemd[1]: Reached target Encrypted Volumes.
[[0;32m  OK  [0m] Reached target Encrypted Volumes.
[    6.268857] systemd[1]: Listening on Device-mapper event daemon FIFOs.
[[0;32m  OK  [0m] Listening on Device-mapper event daemon FIFOs.
[    6.272100] systemd[1]: Reached target System Time Synchronized.
[[0;32m  OK  [0m] Reached target System Time Synchronized.
[    6.274702] systemd[1]: Listening on LVM2 metadata daemon socket.
[[0;32m  OK  [0m] Listening on LVM2 metadata daemon socket.
[    6.295495] systemd[1]: Starting Monitoring of LVM2 mirrors, snapshots etc. using dmeventd or progress polling...
         Starting Monitoring of LVM2 mirrors... dmeventd or progress polling...
[    6.300315] systemd[1]: Created slice system-serial\x2dgetty.slice.
[[0;32m  OK  [0m] Created slice system-serial\x2dgetty.slice.
[    6.303434] systemd[1]: Reached target Slices.
[[0;32m  OK  [0m] Reached target Slices.
[    6.306899] systemd[1]: Starting Create list of required static device nodes for the current kernel...
         Starting Create list of required st... nodes for the current kernel...
[    6.311507] systemd[1]: Starting Set console keymap...
         Starting Set console keymap...
[    6.314647] systemd[1]: Mounting Huge Pages File System...
         Mounting Huge Pages File System...
[    6.317209] systemd[1]: Reached target User and Group Name Lookups.
[[0;32m  OK  [0m] Reached target User and Group Name Lookups.
[    6.320636] systemd[1]: Listening on Journal Socket (/dev/log).
[[0;32m  OK  [0m] Listening on Journal Socket (/dev/log).
[    6.324574] systemd[1]: Starting Journal Service...
         Starting Journal Service...
[    6.327094] systemd[1]: Reached target Swap.
[[0;32m  OK  [0m] Reached target Swap.
[    6.329563] systemd[1]: Started Trigger resolvconf update for networkd DNS.
[[0;32m  OK  [0m] Started Trigger resolvconf update for networkd DNS.
[    6.335341] systemd[1]: Mounted Huge Pages File System.
[[0;32m  OK  [0m] Mounted Huge Pages File System.
[    6.337932] systemd[1]: Mounted POSIX Message Queue File System.
[[0;32m  OK  [0m] Mounted POSIX Message Queue File System.
[    6.340935] systemd[1]: Mounted Debug File System.
[[0;32m  OK  [0m] Mounted Debug File System.
[    6.344998] systemd[1]: Started Uncomplicated firewall.
[[0;32m  OK  [0m] Started Uncomplicated firewall.
[    6.349408] systemd[1]: Started File System Check Daemon to report status.
[[0;32m  OK  [0m] Started File System Check Daemon to report status.
[    6.381901] Loading iSCSI transport class v2.0-870.
[    6.406945] systemd[1]: Started Nameserver information manager.
[[0;32m  OK  [0m] Started Nameserver information manager.
[    6.425503] systemd[1]: Started Set console keymap.
[[0;32m  OK  [0m] Started Set console keymap.
[    6.449280] systemd[1]: Started Create list of required static device nodes for the current kernel.
[    6.452119] iscsi: registered transport (tcp)
[[0;32m  OK  [0m] Started Create list of required sta...ce nodes for the current kernel.
[    6.470562] systemd[1]: Starting Create Static Device Nodes in /dev...
         Starting Create Static Device Nodes in /dev...
[    6.475030] systemd[1]: Started File System Check on Root Device.
[[0;32m  OK  [0m] Started File System Check on Root Device.
[    6.478682] systemd[1]: Starting Remount Root and Kernel File Systems...
         Starting Remount Root and Kernel File Systems...
[    6.506916] EXT4-fs (sda1): re-mounted. Opts: (null)
[    6.509420] systemd[1]: Started Remount Root and Kernel File Systems.
[[0;32m  OK  [0m] Started Remount Root and Kernel File Systems.
[    6.526657] systemd[1]: Started LVM2 metadata daemon.
[[0;32m  OK  [0m] Started LVM2 metadata daemon.
[    6.546676] systemd[1]: Starting udev Coldplug all Devices...
         Starting udev Coldplug all Devices...
[    6.552722] systemd[1]: Starting Load/Save Random Seed...
         Starting Load/Save Random Seed...
[    6.588517] systemd[1]: Started Journal Service.
[[0;32m  OK  [0m] Started Journal Service.
[[0;32m  OK  [0m] Started Load/Save Random Seed.
         Starting Flush Journal to Persistent Storage...
[[0;32m  OK  [0m] Started udev Coldplug all Devices.
[    6.658891] iscsi: registered transport (iser)
[    6.661039] systemd-journald[395]: Received request to flush runtime journal from PID 1
[[0;32m  OK  [0m] Started Load Kernel Modules.
         Starting Apply Kernel Variables...
         Mounting FUSE Control File System...
[[0;32m  OK  [0m] Mounted FUSE Control File System.
[[0;32m  OK  [0m] Started Flush Journal to Persistent Storage.
[[0;32m  OK  [0m] Started Apply Kernel Variables.
[[0;32m  OK  [0m] Started Create Static Device Nodes in /dev.
         Starting udev Kernel Device Manager...
[[0;32m  OK  [0m] Started udev Kernel Device Manager.
[[0;32m  OK  [0m] Started Dispatch Password Requests to Console Directory Watch.
[[0;32m  OK  [0m] Started Monitoring of LVM2 mirrors,...ng dmeventd or progress polling.
[[0;32m  OK  [0m] Reached target Local File Systems (Pre).
[[0;32m  OK  [0m] Reached target Local File Systems.
         Starting Set console font and keymap...
         Starting Tell Plymouth To Write Out Runtime Data...
         Starting Commit a transient machine-id on disk...
         Starting LSB: AppArmor initialization...
         Starting Create Volatile Files and Directories...
         Starting Initial cloud-init job (pre-networking)...
[[0;32m  OK  [0m] Found device /dev/ttyS0.
[[0;32m  OK  [0m] Started Tell Plymouth To Write Out Runtime Data.
[[0;32m  OK  [0m] Listening on Load/Save RF Kill Switch Status /dev/rfkill Watch.
[[0;32m  OK  [0m] Started Commit a transient machine-id on disk.
[[0;32m  OK  [0m] Started Create Volatile Files and Directories.
         Starting Update UTMP about System Boot/Shutdown...
[[0;32m  OK  [0m] Started Update UTMP about System Boot/Shutdown.
[[0;32m  OK  [0m] Started Set console font and keymap.
[[0;32m  OK  [0m] Created slice system-getty.slice.
[[0;32m  OK  [0m] Started LSB: AppArmor initialization.
         Starting Load AppArmor profiles managed internally by snapd...
[[0;32m  OK  [0m] Started Load AppArmor profiles managed internally by snapd.
[    9.478013] cloud-init[503]: Cloud-init v. 21.1-19-gbad84ad4-0ubuntu1~16.04.2 running 'init-local' at Fri, 27 May 2022 16:40:44 +0000. Up 9.07 seconds.
[[0;32m  OK  [0m] Started Initial cloud-init job (pre-networking).
[[0;32m  OK  [0m] Reached target Network (Pre).
         Starting Raise network interfaces...
[[0;32m  OK  [0m] Started Raise network interfaces.
[[0;32m  OK  [0m] Reached target Network.
         Starting Initial cloud-init job (metadata service crawler)...
[   11.620671] cloud-init[946]: Cloud-init v. 21.1-19-gbad84ad4-0ubuntu1~16.04.2 running 'init' at Fri, 27 May 2022 16:40:45 +0000. Up 10.14 seconds.
[   11.674259] cloud-init[946]: ci-info: ++++++++++++++++++++++++++++++++++++++Net device info++++++++++++++++++++++++++++++++++++++
[   11.674495] cloud-init[946]: ci-info: +--------+------+----------------------------+---------------+--------+-------------------+
[   11.675045] cloud-init[946]: ci-info: | Device |  Up  |          Address           |      Mask     | Scope  |     Hw-Address    |
[   11.675944] cloud-init[946]: ci-info: +--------+------+----------------------------+---------------+--------+-------------------+
[   11.676273] cloud-init[946]: ci-info: | enp0s3 | True |         10.0.2.15          | 255.255.255.0 | global | 02:be:82:6b:cc:1d |
[   11.676735] cloud-init[946]: ci-info: | enp0s3 | True | fe80::be:82ff:fe6b:cc1d/64 |       .       |  link  | 02:be:82:6b:cc:1d |
[   11.677446] cloud-init[946]: ci-info: |   lo   | True |         127.0.0.1          |   255.0.0.0   |  host  |         .         |
[   11.678063] cloud-init[946]: ci-info: |   lo   | True |          ::1/128           |       .       |  host  |         .         |
[   11.678449] cloud-init[946]: ci-info: +--------+------+----------------------------+---------------+--------+-------------------+
[   11.678973] cloud-init[946]: ci-info: +++++++++++++++++++++++++++Route IPv4 info++++++++++++++++++++++++++++
[   11.679276] cloud-init[946]: ci-info: +-------+-------------+----------+---------------+-----------+-------+
[   11.679609] cloud-init[946]: ci-info: | Route | Destination | Gateway  |    Genmask    | Interface | Flags |
[   11.680434] cloud-init[946]: ci-info: +-------+-------------+----------+---------------+-----------+-------+
[   11.680796] cloud-init[946]: ci-info: |   0   |   0.0.0.0   | 10.0.2.2 |    0.0.0.0    |   enp0s3  |   UG  |
[   11.681006] cloud-init[946]: ci-info: |   1   |   10.0.2.0  | 0.0.0.0  | 255.255.255.0 |   enp0s3  |   U   |
[   11.681426] cloud-init[946]: ci-info: +-------+-------------+----------+---------------+-----------+-------+
[   11.681896] cloud-init[946]: ci-info: +++++++++++++++++++Route IPv6 info+++++++++++++++++++
[   11.682335] cloud-init[946]: ci-info: +-------+-------------+---------+-----------+-------+
[   11.683425] cloud-init[946]: ci-info: | Route | Destination | Gateway | Interface | Flags |
[   11.683813] cloud-init[946]: ci-info: +-------+-------------+---------+-----------+-------+
[   11.684192] cloud-init[946]: ci-info: |   0   |  fe80::/64  |    ::   |   enp0s3  |   U   |
[   11.684597] cloud-init[946]: ci-info: |   3   |   ff00::/8  |    ::   |   enp0s3  |   U   |
[   11.685261] cloud-init[946]: ci-info: +-------+-------------+---------+-----------+-------+
[   11.685544] cloud-init[946]: Generating public/private rsa key pair.
[   11.686210] cloud-init[946]: Your identification has been saved in /etc/ssh/ssh_host_rsa_key.
[   11.686583] cloud-init[946]: Your public key has been saved in /etc/ssh/ssh_host_rsa_key.pub.
[   11.687224] cloud-init[946]: The key fingerprint is:
[   11.687567] cloud-init[946]: SHA256:+STfRxH0TKmvwiB3QYf5OnFcSckHeogqp8mrONFAJK8 root@ubuntu-xenial
[   11.688202] cloud-init[946]: The key's randomart image is:
[   11.688523] cloud-init[946]: +---[RSA 2048]----+
[   11.689228] cloud-init[946]: |...         o.*o=|
[   11.689923] cloud-init[946]: | o.        = + @.|
[   11.690239] cloud-init[946]: | ..       o * = +|
[   11.690662] cloud-init[946]: | ..      o o * . |
[   11.691026] cloud-init[946]: |E  o  . S . = o  |
[   11.691311] cloud-init[946]: |  . .. * B = . . |
[   11.691722] cloud-init[946]: |   .  + o * o o  |
[   11.692147] cloud-init[946]: |  ..   .   o o   |
[   11.692367] cloud-init[946]: |  .....     .    |
[   11.693044] cloud-init[946]: +----[SHA256]-----+
[   11.693218] cloud-init[946]: Generating public/private dsa key pair.
[   11.693646] cloud-init[946]: Your identification has been saved in /etc/ssh/ssh_host_dsa_key.
[   11.694063] cloud-init[946]: Your public key has been saved in /etc/ssh/ssh_host_dsa_key.pub.
[   11.694403] cloud-init[946]: The key fingerprint is:
[   11.694924] cloud-init[946]: SHA256:n/QP87xWagefnrpLqUzHMCG1+R6w4LsY61tN7XnQbsw root@ubuntu-xenial
[   11.695239] cloud-init[946]: The key's randomart image is:
[   11.695770] cloud-init[946]: +---[DSA 1024]----+
[   11.696180] cloud-init[946]: |           .     |
[   11.696866] cloud-init[946]: |          . o    |
[   11.697186] cloud-init[946]: |         o =     |
[   11.697355] cloud-init[946]: |        . o * .  |
[   11.697828] cloud-init[946]: |        S..= = . |
[   11.698274] cloud-init[946]: |         o+o* X .|
[   11.698495] cloud-init[946]: |       . ooo+O E.|
[   11.698860] cloud-init[946]: |        = + +**.+|
[   11.698969] cloud-init[946]: |      .=.. o *X= |
[   11.699321] cloud-init[946]: +----[SHA256]-----+
[   11.699867] cloud-init[946]: Generating public/private ecdsa key pair.
[[0;32m  OK  [0m] Started Initial cloud-init job (metadata service crawler).
[   11.700050] cloud-init[946]: Your identification has been saved in /etc/ssh/ssh_host_ecdsa_key.
[[0;32m  OK  [0m] Reached target Cloud-config availability.[   11.738500] cloud-init[946]: Your public key has been saved in /etc/ssh/ssh_host_ecdsa_key.pub.
[   11.738940] cloud-init[946]: The key fingerprint is:
[   11.739370] cloud-init[946]: SHA256:aKpTHLJ8Tt3Tcw3cuwAtglYW0X6zMZC4AJUJL/R0tpw root@ubuntu-xenial
[   11.739647] cloud-init[946]: The key's randomart image is:
[   11.739996] cloud-init[946]: +---[ECDSA 256]---+
[   11.740342] cloud-init[946]: |    ++oo== .     |
[   11.740533] cloud-init[946]: |   . ++++o+      |
[   11.740907] cloud-init[946]: |    . o=Eo + .   |
[   11.741295] cloud-init[946]: |  . ..o.o + O .  |
[   11.741840] cloud-init[946]: | . + +o.So + B . |
[   11.742259] cloud-init[946]: |  o =o. o o + o  |
[   11.742747] cloud-init[946]: |   =.    . o . . |
[   11.743263] cloud-init[946]: |  ...         .  |
[   11.743421] cloud-init[946]: |  ..             |
[   11.743719] cloud-init[946]: +----[SHA256]-----+
[   11.744053] cloud-init[946]: Generating public/private ed25519 key pair.
[   11.744390] cloud-init[946]: Your identification has been saved in /etc/ssh/ssh_host_ed25519_key.
[   11.744783] cloud-init[946]: Your public key has been saved in /etc/ssh/ssh_host_ed25519_key.pub.
[   11.745075] cloud-init[946]: The key fingerprint is:
[   11.745367] cloud-init[946]: SHA256:+VT/KHGWR+OjsM6gTMnEt9dCtJO+c0R5am7PCMiSmMY root@ubuntu-xenial
[   11.745777] cloud-init[946]: The key's randomart image is:
[   11.746165] cloud-init[946]: +--[ED25519 256]--+
[   11.746329] cloud-init[946]: |                 |
[   11.746737] cloud-init[946]: |                 |
[   11.747054] cloud-init[946]: |           .. ...|
[   11.747387] cloud-init[946]: |      .  ...o+.+.|
[   11.747699] cloud-init[946]: |       oS..*o Bo.|
[   11.747979] cloud-init[946]: |    . = =o= =B.+.|
[   11.748452] cloud-init[946]: |     E * =.*=o. .|
[   11.748756] cloud-init[946]: |    . o o =.+=o  |
[   11.749341] cloud-init[946]: |       o   ++..o |
[   11.749634] cloud-init[946]: +----[SHA256]-----+

[[0;32m  OK  [0m] Reached target System Initialization.
[[0;32m  OK  [0m] Listening on D-Bus System Message Bus Socket.
[[0;32m  OK  [0m] Listening on ACPID Listen Socket.
[[0;32m  OK  [0m] Started ACPI Events Check.
[[0;32m  OK  [0m] Reached target Paths.
[[0;32m  OK  [0m] Started Daily apt download activities.
[[0;32m  OK  [0m] Started Daily apt upgrade and clean activities.
[[0;32m  OK  [0m] Started Daily Cleanup of Temporary Directories.
[[0;32m  OK  [0m] Listening on UUID daemon activation socket.
         Starting Socket activation for snappy daemon.
[[0;32m  OK  [0m] Started Message of the Day.
[[0;32m  OK  [0m] Started Ubuntu Advantage update messaging.
[[0;32m  OK  [0m] Reached target Timers.
         Starting LXD - unix socket.
[[0;32m  OK  [0m] Reached target Network is Online.
         Starting iSCSI initiator daemon (iscsid)...
[[0;32m  OK  [0m] Listening on Socket activation for snappy daemon.
[[0;32m  OK  [0m] Listening on LXD - unix socket.
[[0;32m  OK  [0m] Reached target Sockets.
[[0;32m  OK  [0m] Reached target Basic System.
         Starting LXD - container startup/shutdown...
[[0;32m  OK  [0m] Started Regular background program processing daemon.
         Starting /etc/rc.local Compatibility...
[[0;32m  OK  [0m] Started FUSE filesystem for LXC.
         Starting LSB: MD monitoring daemon...
[[0;32m  OK  [0m] Started D-Bus System Message Bus.
         Starting Virtualbox guest utils...
         Starting Accounts Service...
         Starting LSB: Record successful boot for GRUB...
         Starting System Logging Service...
[[0;32m  OK  [0m] Started ACPI event daemon.
         Starting Pollinate to seed the pseudo random number generator...
         Starting Login Service...
[[0;32m  OK  [0m] Started Deferred execution scheduler.
         Starting Snap Daemon...
[[0;32m  OK  [0m] Started /etc/rc.local Compatibility.
[[0;32m  OK  [0m] Started iSCSI initiator daemon (iscsid).
         Starting Login to default iSCSI targets...
[[0;32m  OK  [0m] Started Login Service.
[[0;32m  OK  [0m] Started Unattended Upgrades Shutdown.
[[0;32m  OK  [0m] Started LSB: Record successful boot for GRUB.
[[0;32m  OK  [0m] Started System Logging Service.
[[0;32m  OK  [0m] Started LSB: MD monitoring daemon.
         Starting Authenticate and Authorize Users to Run Privileged Tasks...
[[0;32m  OK  [0m] Started Login to default iSCSI targets.
[[0;32m  OK  [0m] Reached target Remote File Systems (Pre).
[[0;32m  OK  [0m] Reached target Remote File Systems.
         Starting LSB: Set the CPU Frequency Scaling governor to "ondemand"...
         Starting Permit User Sessions...
         Starting LSB: automatic crash report generation...
         Starting LSB: daemon to balance interrupts for SMP systems...
[[0;32m  OK  [0m] Started LSB: Set the CPU Frequency Scaling governor to "ondemand".
[[0;32m  OK  [0m] Started LSB: daemon to balance interrupts for SMP systems.
[[0;32m  OK  [0m] Started LSB: automatic crash report generation.
[[0;32m  OK  [0m] Started Permit User Sessions.
         Starting Hold until boot process finishes up...
         Starting Terminate Plymouth Boot Screen...
[[0;32m  OK  [0m] Started Hold until boot process finishes up.
[[0;32m  OK  [0m] Started Getty on tty1.
         Starting Set console scheme...
[[0;32m  OK  [0m] Started Serial Getty on ttyS0.
[[0;32m  OK  [0m] Reached target Login Prompts.
[[0;32m  OK  [0m] Started Terminate Plymouth Boot Screen.
[[0;32m  OK  [0m] Started Virtualbox guest utils.
[[0;32m  OK  [0m] Started Set console scheme.
[[0;32m  OK  [0m] Started LXD - container startup/shutdown.
[[0;32m  OK  [0m] Started Authenticate and Authorize Users to Run Privileged Tasks.
[[0;32m  OK  [0m] Started Accounts Service.
[[0;32m  OK  [0m] Started Pollinate to seed the pseudo random number generator.
         Starting OpenBSD Secure Shell server...
[[0;32m  OK  [0m] Started OpenBSD Secure Shell server.
[[0;32m  OK  [0m] Started Snap Daemon.
         Starting Wait until snapd is fully seeded...
[[0;32m  OK  [0m] Created slice User Slice of vagrant.
         Starting User Manager for UID 1000...
[[0;32m  OK  [0m] Started Session 1 of user vagrant.
[[0;32m  OK  [0m] Started User Manager for UID 1000.
[[0;32m  OK  [0m] Started Wait until snapd is fully seeded.
         Starting Apply the settings specified in cloud-config...
[[0;32m  OK  [0m] Reached target Multi-User System.
[[0;32m  OK  [0m] Reached target Graphical Interface.
         Starting Update UTMP about System Runlevel Changes...
[[0;32m  OK  [0m] Started Update UTMP about System Runlevel Changes.
[   15.840794] cloud-init[1369]: Generating locales (this might take a while)...
[   16.896622] cloud-init[1369]:   en_US.UTF-8... done
[   16.905212] cloud-init[1369]: Generation complete.
[   17.858067] cloud-init[1369]: Cloud-init v. 21.1-19-gbad84ad4-0ubuntu1~16.04.2 running 'modules:config' at Fri, 27 May 2022 16:40:51 +0000. Up 15.58 seconds.
[[0;32m  OK  [0m] Started Apply the settings specified in cloud-config.
         Starting Execute cloud user/final scripts...
ci-info: no authorized SSH keys fingerprints found for user ubuntu.
<14>May 27 16:40:54 ec2: 
<14>May 27 16:40:54 ec2: #############################################################
<14>May 27 16:40:54 ec2: -----BEGIN SSH HOST KEY FINGERPRINTS-----
<14>May 27 16:40:54 ec2: 1024 SHA256:n/QP87xWagefnrpLqUzHMCG1+R6w4LsY61tN7XnQbsw root@ubuntu-xenial (DSA)
<14>May 27 16:40:54 ec2: 256 SHA256:aKpTHLJ8Tt3Tcw3cuwAtglYW0X6zMZC4AJUJL/R0tpw root@ubuntu-xenial (ECDSA)
<14>May 27 16:40:54 ec2: 256 SHA256:+VT/KHGWR+OjsM6gTMnEt9dCtJO+c0R5am7PCMiSmMY root@ubuntu-xenial (ED25519)
<14>May 27 16:40:54 ec2: 2048 SHA256:+STfRxH0TKmvwiB3QYf5OnFcSckHeogqp8mrONFAJK8 root@ubuntu-xenial (RSA)
<14>May 27 16:40:54 ec2: -----END SSH HOST KEY FINGERPRINTS-----
<14>May 27 16:40:54 ec2: #############################################################
-----BEGIN SSH HOST KEY KEYS-----
ecdsa-sha2-nistp256 AAAAE2VjZHNhLXNoYTItbmlzdHAyNTYAAAAIbmlzdHAyNTYAAABBBD1KByYdyhFopXJvOUsY2TckblkPduHmObQRM4lxt0Dbgu7nUtVLOiUDXu+YhPpUOh1+yEiNzUh0DtWKa7VWJEw= root@ubuntu-xenial
ssh-ed25519 AAAAC3NzaC1lZDI1NTE5AAAAIElbYmXwJ7rOBCVf7IrGdKWUyZoJHcrDLLdt7yegwRON root@ubuntu-xenial
ssh-rsa AAAAB3NzaC1yc2EAAAADAQABAAABAQDGjXm5kWjuqCzG775SN6mGFaygbQRFMx0NT/23xQ+pweQa1zRUIrnQB/BjzK+IcUD92bHZFzDn9E6FRLoyWqv0Gr9kBb8O1oJmv0zQzgKzz3Prsn009z0xDb1y4S8+Y0CtayboAe1x9bFxLWcn7f+zUiHph7TxHC7w2Hzmr0b3s3HD1C0byP/Gw7khH5i/33UOzHmGUPq4W4XiwMudgglzDIby1GlWP4nllCgBQtMPRr/PhXu3YozJr/LRx/MAOn5xk+vIUFcjotrcTZMia4jT/HZ+4pmiu9v6AckKZyj9h7xktF08Z4kncexOosPZA0NPdAh9LurpPPgzv0be2y85 root@ubuntu-xenial
-----END SSH HOST KEY KEYS-----
[   18.528099] cloud-init[1542]: Cloud-init v. 21.1-19-gbad84ad4-0ubuntu1~16.04.2 running 'modules:final' at Fri, 27 May 2022 16:40:53 +0000. Up 18.26 seconds.
[   18.528376] cloud-init[1542]: ci-info: no authorized SSH keys fingerprints found for user ubuntu.
[   18.528953] cloud-init[1542]: Cloud-init v. 21.1-19-gbad84ad4-0ubuntu1~16.04.2 finished at Fri, 27 May 2022 16:40:54 +0000. Datasource DataSourceNoCloud [seed=/dev/sdb][dsmode=net].  Up 18.51 seconds

Ubuntu 16.04.7 LTS ubuntu-xenial ttyS0

ubuntu-xenial login: 